Arguments: 
  /Users/jemerick/.nvm/versions/node/v14.15.0/bin/node /usr/local/Cellar/yarn/1.22.4/libexec/bin/yarn.js add lodash.cloneDeep

PATH: 
  /Users/jemerick/.nvm/versions/node/v14.15.0/bin:/usr/local/bin:/usr/bin:/bin:/usr/sbin:/sbin

Yarn version: 
  1.22.4

Node version: 
  14.15.0

Platform: 
  darwin x64

Trace: 
  Error: https://registry.yarnpkg.com/lodash.cloneDeep: Not found
      at Request.params.callback [as _callback] (/usr/local/Cellar/yarn/1.22.4/libexec/lib/cli.js:66987:18)
      at Request.self.callback (/usr/local/Cellar/yarn/1.22.4/libexec/lib/cli.js:140748:22)
      at Request.emit (events.js:315:20)
      at Request.<anonymous> (/usr/local/Cellar/yarn/1.22.4/libexec/lib/cli.js:141720:10)
      at Request.emit (events.js:315:20)
      at IncomingMessage.<anonymous> (/usr/local/Cellar/yarn/1.22.4/libexec/lib/cli.js:141642:12)
      at Object.onceWrapper (events.js:421:28)
      at IncomingMessage.emit (events.js:327:22)
      at endReadableNT (_stream_readable.js:1327:12)
      at processTicksAndRejections (internal/process/task_queues.js:80:21)

npm manifest: 
  No manifest

yarn manifest: 
  No manifest

Lockfile: 
  No lockfile
